<?xml version="1.0" encoding="UTF-8"?>
<!-- Generated by org.testng.reporters.JUnitXMLReporter -->
<testsuite ignored="1" hostname="INBAWN172234" failures="0" tests="2" name="Default test" time="6.984" errors="0" timestamp="2025-01-03T21:29:29 IST">
  <testcase classname="datadrivenExample" name="logintest" time="2.162"/>
  <testcase classname="datadrivenExample" name="logintest" time="0.972"/>
  <testcase classname="datadrivenExample" name="logintest2" time="0.0">
    <ignored/>
  </testcase> <!-- logintest2 -->
</testsuite> <!-- Default test -->
