<?xml version="1.0" encoding="UTF-8"?>
<testng-results ignored="0" total="2" passed="2" failed="0" skipped="0">
  <reporter-output>
  </reporter-output>
  <suite started-at="2025-01-03T21:29:22 IST" name="Default suite" finished-at="2025-01-03T21:29:29 IST" duration-ms="6984">
    <groups>
    </groups>
    <test started-at="2025-01-03T21:29:22 IST" name="Default test" finished-at="2025-01-03T21:29:29 IST" duration-ms="6984">
      <class name="datadrivenExample">
        <test-method is-config="true" signature="setup()[pri:0, instance:datadrivenExample@7d3e8655]" started-at="2025-01-03T21:29:22 IST" name="setup" finished-at="2025-01-03T21:29:26 IST" duration-ms="3804" status="PASS">
          <reporter-output>
          </reporter-output>
        </test-method> <!-- setup -->
        <test-method signature="logintest(java.lang.String,java.lang.String)[pri:0, instance:datadrivenExample@7d3e8655]" started-at="2025-01-03T21:29:26 IST" name="logintest" data-provider="getData" finished-at="2025-01-03T21:29:28 IST" duration-ms="2162" status="PASS">
          <params>
            <param index="0">
              <value>
                <![CDATA[r@r.com]]>
              </value>
            </param>
            <param index="1">
              <value>
                <![CDATA[pwd]]>
              </value>
            </param>
          </params>
          <reporter-output>
          </reporter-output>
        </test-method> <!-- logintest -->
        <test-method signature="logintest(java.lang.String,java.lang.String)[pri:0, instance:datadrivenExample@7d3e8655]" started-at="2025-01-03T21:29:28 IST" name="logintest" data-provider="getData" finished-at="2025-01-03T21:29:29 IST" duration-ms="972" status="PASS">
          <params>
            <param index="0">
              <value>
                <![CDATA[g@g.com]]>
              </value>
            </param>
            <param index="1">
              <value>
                <![CDATA[pwd]]>
              </value>
            </param>
          </params>
          <reporter-output>
          </reporter-output>
        </test-method> <!-- logintest -->
      </class> <!-- datadrivenExample -->
    </test> <!-- Default test -->
  </suite> <!-- Default suite -->
</testng-results>
